#
# There is insufficient memory for the Java Runtime Environment to continue.
# Native memory allocation (mmap) failed to map 264241152 bytes. Error detail: G1 virtual space
# Possible reasons:
#   The system is out of physical RAM or swap space
#   This process is running with CompressedOops enabled, and the Java Heap may be blocking the growth of the native heap
# Possible solutions:
#   Reduce memory load on the system
#   Increase physical memory or swap space
#   Check if swap backing store is full
#   Decrease Java heap size (-Xmx/-Xms)
#   Decrease number of Java threads
#   Decrease Java thread stack sizes (-Xss)
#   Set larger code cache with -XX:ReservedCodeCacheSize=
#   JVM is running with Zero Based Compressed Oops mode in which the Java heap is
#     placed in the first 32GB address space. The Java Heap base address is the
#     maximum limit for the native heap growth. Please use -XX:HeapBaseMinAddress
#     to set the Java Heap base and to place the Java Heap above 32GB virtual address.
# This output file may be truncated or incomplete.
#
#  Out of Memory Error (os_windows.cpp:3925), pid=23256, tid=14676
#
# JRE version:  (21.0.8) (build )
# Java VM: OpenJDK 64-Bit Server VM (21.0.8+-14196175-b1038.72, mixed mode, sharing, tiered, compressed oops, compressed class ptrs, g1 gc, windows-amd64)
# No core dump will be written. Minidumps are not enabled by default on client versions of Windows
#

---------------  S U M M A R Y ------------

Command Line: git4idea.http.GitAskPassApp Username for 'https://github.com': 

Host: 13th Gen Intel(R) Core(TM) i7-13700HX, 24 cores, 15G,  Windows 11 , 64 bit Build 26100 (10.0.26100.8246)
Time: Thu Apr 23 20:51:06 2026 SE Asia Standard Time elapsed time: 0.012071 seconds (0d 0h 0m 0s)

---------------  T H R E A D  ---------------

Current thread (0x00000222230c2a50):  JavaThread "Unknown thread" [_thread_in_vm, id=14676, stack(0x00000093be900000,0x00000093bea00000) (1024K)]

Stack: [0x00000093be900000,0x00000093bea00000]
Native frames: (J=compiled Java code, j=interpreted, Vv=VM code, C=native code)
V  [jvm.dll+0x6d68d9]
V  [jvm.dll+0x866693]
V  [jvm.dll+0x868c4e]
V  [jvm.dll+0x869333]
V  [jvm.dll+0x280566]
V  [jvm.dll+0x6d3195]
V  [jvm.dll+0x6c69ea]
V  [jvm.dll+0x3586db]
V  [jvm.dll+0x360336]
V  [jvm.dll+0x3b23f6]
V  [jvm.dll+0x3b26c8]
V  [jvm.dll+0x32ae6c]
V  [jvm.dll+0x32bb5b]
V  [jvm.dll+0x82e109]
V  [jvm.dll+0x3bf5c8]
V  [jvm.dll+0x817388]
V  [jvm.dll+0x453b6e]
V  [jvm.dll+0x4552d1]
C  [jli.dll+0x52ab]
C  [ucrtbase.dll+0x37b0]
C  [KERNEL32.DLL+0x2e8d7]
C  [ntdll.dll+0x8c3fc]


---------------  P R O C E S S  ---------------

Threads class SMR info:
_java_thread_list=0x00007ffd0d7db988, length=0, elements={
}

Java Threads: ( => current thread )
Total: 0

Other Threads:
  0x00000222255c5280 WorkerThread "GC Thread#0"                     [id=22192, stack(0x00000093bea00000,0x00000093beb00000) (1024K)]
  0x00000222255d6cd0 ConcurrentGCThread "G1 Main Marker"            [id=29196, stack(0x00000093beb00000,0x00000093bec00000) (1024K)]
  0x00000222255d7f70 WorkerThread "G1 Conc#0"                       [id=29160, stack(0x00000093bec00000,0x00000093bed00000) (1024K)]

[error occurred during error reporting (printing all threads), id 0xc0000005, EXCEPTION_ACCESS_VIOLATION (0xc0000005) at pc=0x00007ffd0cfcddd7]
VM state: not at safepoint (not fully initialized)

VM Mutex/Monitor currently owned by a thread:  ([mutex/lock_event])
[0x00007ffd0d8486b8] Heap_lock - owner thread: 0x00000222230c2a50

Heap address: 0x0000000704600000, size: 4026 MB, Compressed Oops mode: Zero based, Oop shift amount: 3

CDS archive(s) mapped at: [0x0000000000000000-0x0000000000000000-0x0000000000000000), size 0, SharedBaseAddress: 0x0000000800000000, ArchiveRelocationMode: 1.
Narrow klass base: 0x0000000000000000, Narrow klass shift: 0, Narrow klass range: 0x0

GC Precious Log:
 CardTable entry size: 512
 Card Set container configuration: InlinePtr #cards 4 size 8 Array Of Cards #cards 16 size 48 Howl #buckets 8 coarsen threshold 3686 Howl Bitmap #cards 512 size 80 coarsen threshold 460 Card regions per heap region 1 cards per card region 4096

Heap:
 garbage-first heap   total 0K, used 0K [0x0000000704600000, 0x0000000800000000)
  region size 2048K, 0 young (0K), 0 survivors (0K)
 Metaspace       used 0K, committed 0K, reserved 0K
  class space    used 0K, committed 0K, reserved 0K

Heap Regions: E=young(eden), S=young(survivor), O=old, HS=humongous(starts), HC=humongous(continues), CS=collection set, F=free, TAMS=top-at-mark-start, PB=parsable bottom

Card table byte_map: [0x0000022238c60000,0x0000022239440000] _byte_map_base: 0x000002223543d000

Marking Bits: (CMBitMap*) 0x00000222255c5980
 Bits: [0x0000022239440000, 0x000002223d328000)

GC Heap History (0 events):
No events

Dll operation events (1 events):
Event: 0.007 Loaded shared library D:\Android\AndroidStudio\jbr\bin\java.dll

Deoptimization events (0 events):
No events

Classes loaded (0 events):
No events

Classes unloaded (0 events):
No events

Classes redefined (0 events):
No events

Internal exceptions (0 events):
No events

ZGC Phase Switch (0 events):
No events

VM Operations (0 events):
No events

Memory protections (0 events):
No events

Nmethod flushes (0 events):
No events

Events (0 events):
No events


Dynamic libraries:
0x00007ff7de6f0000 - 0x00007ff7de6fa000 	D:\Android\AndroidStudio\jbr\bin\java.exe
0x00007ffdbcda0000 - 0x00007ffdbd007000 	C:\WINDOWS\SYSTEM32\ntdll.dll
0x00007ffdbc200000 - 0x00007ffdbc2c9000 	C:\WINDOWS\System32\KERNEL32.DLL
0x00007ffdba290000 - 0x00007ffdba684000 	C:\WINDOWS\System32\KERNELBASE.dll
0x00007ffdba6c0000 - 0x00007ffdba80b000 	C:\WINDOWS\System32\ucrtbase.dll
0x00007ffdb3ad0000 - 0x00007ffdb3ae8000 	D:\Android\AndroidStudio\jbr\bin\jli.dll
0x00007ffdbb3b0000 - 0x00007ffdbb575000 	C:\WINDOWS\System32\USER32.dll
0x00007ffdba690000 - 0x00007ffdba6b7000 	C:\WINDOWS\System32\win32u.dll
0x00007ffdbb280000 - 0x00007ffdbb2ab000 	C:\WINDOWS\System32\GDI32.dll
0x00007ffdba8c0000 - 0x00007ffdba9eb000 	C:\WINDOWS\System32\gdi32full.dll
0x00007ffdb18a0000 - 0x00007ffdb18bb000 	D:\Android\AndroidStudio\jbr\bin\VCRUNTIME140.dll
0x00007ffdba810000 - 0x00007ffdba8b3000 	C:\WINDOWS\System32\msvcp_win.dll
0x00007ffd93fd0000 - 0x00007ffd94263000 	C:\WINDOWS\WinSxS\amd64_microsoft.windows.common-controls_6595b64144ccf1df_6.0.26100.8115_none_3e075c82e3354f9c\COMCTL32.dll
0x00007ffdbcc30000 - 0x00007ffdbccd9000 	C:\WINDOWS\System32\msvcrt.dll
0x00007ffdbc430000 - 0x00007ffdbc462000 	C:\WINDOWS\System32\IMM32.DLL
0x00007ffdaff70000 - 0x00007ffdaff7c000 	D:\Android\AndroidStudio\jbr\bin\vcruntime140_1.dll
0x00007ffd80020000 - 0x00007ffd800ad000 	D:\Android\AndroidStudio\jbr\bin\msvcp140.dll
0x00007ffd0cc90000 - 0x00007ffd0d926000 	D:\Android\AndroidStudio\jbr\bin\server\jvm.dll
0x00007ffdbbfa0000 - 0x00007ffdbc056000 	C:\WINDOWS\System32\ADVAPI32.dll
0x00007ffdbc650000 - 0x00007ffdbc6f7000 	C:\WINDOWS\System32\sechost.dll
0x00007ffdbafc0000 - 0x00007ffdbb0d8000 	C:\WINDOWS\System32\RPCRT4.dll
0x00007ffdbc170000 - 0x00007ffdbc1f0000 	C:\WINDOWS\System32\WS2_32.dll
0x00007ffdb8240000 - 0x00007ffdb829e000 	C:\WINDOWS\SYSTEM32\POWRPROF.dll
0x00007ffda6c00000 - 0x00007ffda6c36000 	C:\WINDOWS\SYSTEM32\WINMM.dll
0x00007ffda8260000 - 0x00007ffda826b000 	C:\WINDOWS\SYSTEM32\VERSION.dll
0x00007ffdb8220000 - 0x00007ffdb8234000 	C:\WINDOWS\SYSTEM32\UMPDC.dll
0x00007ffdb8500000 - 0x00007ffdb851b000 	C:\WINDOWS\SYSTEM32\kernel.appcore.dll
0x00007ffdaff60000 - 0x00007ffdaff6a000 	D:\Android\AndroidStudio\jbr\bin\jimage.dll
0x00007ffdb71a0000 - 0x00007ffdb73e2000 	C:\WINDOWS\SYSTEM32\DBGHELP.DLL
0x00007ffdbab30000 - 0x00007ffdbaeb2000 	C:\WINDOWS\System32\combase.dll
0x00007ffdbbcf0000 - 0x00007ffdbbdc8000 	C:\WINDOWS\System32\OLEAUT32.dll
0x00007ffd92b20000 - 0x00007ffd92b5b000 	C:\WINDOWS\SYSTEM32\dbgcore.DLL
0x00007ffdbaa80000 - 0x00007ffdbab25000 	C:\WINDOWS\System32\bcryptPrimitives.dll
0x00007ffdafc80000 - 0x00007ffdafca0000 	D:\Android\AndroidStudio\jbr\bin\java.dll

JVMTI agents: none

dbghelp: loaded successfully - version: 4.0.5 - missing functions: none
symbol engine: initialized successfully - sym options: 0x614 - pdb path: .;D:\Android\AndroidStudio\jbr\bin;C:\WINDOWS\SYSTEM32;C:\WINDOWS\WinSxS\amd64_microsoft.windows.common-controls_6595b64144ccf1df_6.0.26100.8115_none_3e075c82e3354f9c;D:\Android\AndroidStudio\jbr\bin\server

VM Arguments:
java_command: git4idea.http.GitAskPassApp Username for 'https://github.com': 
java_class_path (initial): D:/Android/AndroidStudio/plugins/vcs-git/lib/git4idea-rt.jar;D:/Android/AndroidStudio/lib/externalProcess-rt.jar
Launcher Type: SUN_STANDARD

[Global flags]
     intx CICompilerCount                          = 12                                        {product} {ergonomic}
     uint ConcGCThreads                            = 5                                         {product} {ergonomic}
     uint G1ConcRefinementThreads                  = 18                                        {product} {ergonomic}
   size_t G1HeapRegionSize                         = 2097152                                   {product} {ergonomic}
    uintx GCDrainStackTargetSize                   = 64                                        {product} {ergonomic}
   size_t InitialHeapSize                          = 264241152                                 {product} {ergonomic}
   size_t MarkStackSize                            = 4194304                                   {product} {ergonomic}
   size_t MaxHeapSize                              = 4221566976                                {product} {ergonomic}
   size_t MinHeapDeltaBytes                        = 2097152                                   {product} {ergonomic}
   size_t MinHeapSize                              = 8388608                                   {product} {ergonomic}
    uintx NonNMethodCodeHeapSize                   = 7602480                                {pd product} {ergonomic}
    uintx NonProfiledCodeHeapSize                  = 122027880                              {pd product} {ergonomic}
    uintx ProfiledCodeHeapSize                     = 122027880                              {pd product} {ergonomic}
    uintx ReservedCodeCacheSize                    = 251658240                              {pd product} {ergonomic}
     bool SegmentedCodeCache                       = true                                      {product} {ergonomic}
   size_t SoftMaxHeapSize                          = 4221566976                             {manageable} {ergonomic}
     bool UseCompressedOops                        = true                           {product lp64_product} {ergonomic}
     bool UseG1GC                                  = true                                      {product} {ergonomic}
     bool UseLargePagesIndividualAllocation        = false                                  {pd product} {ergonomic}

Logging:
Log output configuration:
 #0: stdout all=warning uptime,level,tags foldmultilines=false
 #1: stderr all=off uptime,level,tags foldmultilines=false

Environment Variables:
JAVA_HOME=D:\jdk-21.0.10.7
PATH=C:/Program Files/Git/mingw64/libexec/git-core;C:/Program Files/Git/mingw64/libexec/git-core;C:\Program Files\Git\mingw64\bin;C:\Program Files\Git\usr\bin;C:\Users\THUY LINH\bin;D:\jdk-21.0.10.7\bin;C:\Program Files (x86)\VMware\VMware Workstation\bin\;C:\Program Files\Eclipse Adoptium\jdk-17.0.12.7-hotspot\bin;C:\Windows\system32;C:\Windows;C:\Windows\System32\Wbem;C:\Windows\System32\WindowsPowerShell\v1.0\;C:\Windows\System32\OpenSSH\;C:\Program Files (x86)\NVIDIA Corporation\PhysX\Common;C:\Program Files\NVIDIA Corporation\NVIDIA NvDLISR;C:\WINDOWS\system32;C:\WINDOWS;C:\WINDOWS\System32\Wbem;C:\WINDOWS\System32\WindowsPowerShell\v1.0\;C:\WINDOWS\System32\OpenSSH\;C:\Program Files\dotnet\;C:\Program Files\Git\cmd;D:\jdk-21.0.10.7\bin;C:\xampp\mysql\bin;C:\Users\THUY LINH\.gradle\wrapper\dists\gradle-8.11.1-bin\bpt9gzteqjrbo1mjrsomdt32c\gradle-8.11.1\bin;C:\ProgramData\chocolatey\bin;C:\Users\THUY LINH\Downloads\ngrok-v3-stable-windows-amd64;C:\Program Files\CMake\bin;C:\Program Files (x86)\Microsoft SQL Server\160\Tools\Binn\;C:\Program Files\Microsoft SQL Server\160\Tools\Binn\;C:\Program Files\Microsoft SQL Server\Client SDK\ODBC\170\Tools\Binn\;C:\Program Files\Microsoft SQL Server\160\DTS\Binn\;D:\LLVM\bin;C:\nvm;C:\nvm\nodejs;C:\nvm;C:\Program Files\nodejs\;C:\Program Files\Docker\Docker\resources\bin;C:\Program Files\Cloudflare\Cloudflare WARP\;D:\Kotlin\kotlinc\bin;D:\MariaDB 11.4\bin;C:\Users\THUY LINH\AppData\Local\Programs\Python\Python310\Scripts\;C:\Users\THUY LINH\AppData\Local\Programs\Python\Python310\;C:\Users\THUY LINH\.cargo\bin;C:\Users\THUY LINH\AppData\Local\Programs\Python\Python313\Scripts\;C:\Users\THUY LINH\AppData\Local\Programs\Python\Python313\;C:\Users\THUY LINH\AppData\Local\Programs\Python\Launcher\;C:\Users\THUY LINH\AppData\Local\Microsoft\WindowsApps;C:\Users\THUY LINH\AppData\Local\Programs\Microsoft VS Code\bin;C:\mingw64\bin;C:\GAME_SDL\Project_Game\SDL2_Lib\SDL2_image-devel-2.8.2-VC\SDL2_image-2.8.2\lib\x64;C:\GAME_SDL\Project_Game\SDL2_Lib\SDL2_mixer-devel-2.8.0-VC\SDL2_mixer-2.8.0\lib\x64;C:\GAME_SDL\Project_Game\SDL2_Lib\SDL2_ttf-devel-2.22.0-VC\SDL2_ttf-2.22.0\lib\x64;C:\GAME_SDL\Project_Game\SDL2_Lib\SDL2-devel-2.30.0-VC\SDL2-2.30.0\lib\x64;C:\Program Files (x86)\Windows Kits\10\Lib\10.0.22621.0\um\x64;C:\Users\THUY LINH\.dotnet\tools;C:\Users\THUY LINH\AppData\Local\GitHubDesktop\bin;C:\MinGW\bin;C:\Users\THUY LINH\.jdks\corretto-22.0.2\bin;C:\Program Files\Apache\Maven\apache-maven-3.9.11\bin;C:\Program Files\Cppcheck;C:\Program Files\Oracle\VirtualBox;C:\Program Files\MongoDB\Server\8.2\bin;C:\nvm;C:\nvm\nodejs;C:\nvm;C:\flutter\flutter\bin;C:\Android\Sdk\platform-tools;C:\Android\Sdk\cmdline-tools\latest\bin;C:\Users\THUY LINH\AppData\Roaming\npm
USERNAME=THUY LINH
DISPLAY=:0.0
LC_ALL=en_US.UTF-8
TERM=xterm-256color
TMPDIR=C:\Users\THUYLI~1\AppData\Local\Temp
OS=Windows_NT
PROCESSOR_IDENTIFIER=Intel64 Family 6 Model 191 Stepping 2, GenuineIntel
TMP=C:\Users\THUYLI~1\AppData\Local\Temp
TEMP=C:\Users\THUYLI~1\AppData\Local\Temp




Periodic native trim disabled

JNI global refs:
JNI global refs: 0, weak refs: 0

JNI global refs memory usage: 0, weak refs: 0

Process memory usage:
Resident Set Size: 13352K (0% of 16490360K total physical memory with 712232K free physical memory)

OOME stack traces (most recent first):
Classloader memory used:

---------------  S Y S T E M  ---------------

OS:
 Windows 11 , 64 bit Build 26100 (10.0.26100.8246)
OS uptime: 0 days 19:17 hours
Hyper-V role detected

CPU: total 24 (initial active 24) (12 cores per cpu, 2 threads per core) family 6 model 191 stepping 2 microcode 0x2c, cx8, cmov, fxsr, ht, mmx, 3dnowpref, sse, sse2, sse3, ssse3, sse4.1, sse4.2, popcnt, lzcnt, tsc, tscinvbit, avx, avx2, aes, erms, clmul, bmi1, bmi2, adx, sha, fma, vzeroupper, clflush, clflushopt, clwb, hv, serialize, rdtscp, rdpid, fsrm, f16c, cet_ibt, cet_ss
Processor Information for processor 0
  Max Mhz: 2100, Current Mhz: 2100, Mhz Limit: 2100
Processor Information for processor 1
  Max Mhz: 2100, Current Mhz: 2100, Mhz Limit: 2100
Processor Information for processor 2
  Max Mhz: 2100, Current Mhz: 2100, Mhz Limit: 2100
Processor Information for processor 3
  Max Mhz: 2100, Current Mhz: 2100, Mhz Limit: 2100
Processor Information for processor 4
  Max Mhz: 2100, Current Mhz: 2100, Mhz Limit: 2100
Processor Information for processor 5
  Max Mhz: 2100, Current Mhz: 2100, Mhz Limit: 2100
Processor Information for processor 6
  Max Mhz: 2100, Current Mhz: 2100, Mhz Limit: 2100
Processor Information for processor 7
  Max Mhz: 2100, Current Mhz: 2100, Mhz Limit: 2100
Processor Information for processor 8
  Max Mhz: 2100, Current Mhz: 2100, Mhz Limit: 2100
Processor Information for processor 9
  Max Mhz: 2100, Current Mhz: 2100, Mhz Limit: 2100
Processor Information for processor 10
  Max Mhz: 2100, Current Mhz: 2100, Mhz Limit: 2100
Processor Information for processor 11
  Max Mhz: 2100, Current Mhz: 2100, Mhz Limit: 2100
Processor Information for processor 12
  Max Mhz: 2100, Current Mhz: 2100, Mhz Limit: 2100
Processor Information for processor 13
  Max Mhz: 2100, Current Mhz: 2100, Mhz Limit: 2100
Processor Information for processor 14
  Max Mhz: 2100, Current Mhz: 2100, Mhz Limit: 2100
Processor Information for processor 15
  Max Mhz: 2100, Current Mhz: 2100, Mhz Limit: 2100
Processor Information for processor 16
  Max Mhz: 2100, Current Mhz: 1500, Mhz Limit: 1491
Processor Information for processor 17
  Max Mhz: 2100, Current Mhz: 1500, Mhz Limit: 1491
Processor Information for processor 18
  Max Mhz: 2100, Current Mhz: 1500, Mhz Limit: 1491
Processor Information for processor 19
  Max Mhz: 2100, Current Mhz: 1500, Mhz Limit: 1491
Processor Information for processor 20
  Max Mhz: 2100, Current Mhz: 1500, Mhz Limit: 1491
Processor Information for processor 21
  Max Mhz: 2100, Current Mhz: 1500, Mhz Limit: 1491
Processor Information for processor 22
  Max Mhz: 2100, Current Mhz: 1500, Mhz Limit: 1491
Processor Information for processor 23
  Max Mhz: 2100, Current Mhz: 1500, Mhz Limit: 1491

Memory: 4k page, system-wide physical 16103M (695M free)
TotalPageFile size 31219M (AvailPageFile size 187M)
current process WorkingSet (physical memory assigned to process): 13M, peak: 13M
current process commit charge ("private bytes"): 81M, peak: 333M

vm_info: OpenJDK 64-Bit Server VM (21.0.8+-14196175-b1038.72) for windows-amd64 JRE (21.0.8+-14196175-b1038.72), built on 2025-10-01T10:24:33Z by "builder" with MS VC++ 16.10 / 16.11 (VS2019)

END.
